<?xml version="1.0" encoding="UTF-8"?>
<testsuites name="Mocha Tests" time="32.1770" tests="1" failures="0">
  <testsuite name="Root Suite" timestamp="2020-11-25T10:21:06" tests="0" file="cypress\integration\FLO360\E2E.js" time="0.0000" failures="0">
  </testsuite>
  <testsuite name="End To End Test - Flo360" timestamp="2020-11-25T10:21:06" tests="1" time="32.1770" failures="0">
    <testcase name="End To End Test - Flo360 Testcase1" time="32.1770" classname="Testcase1">
    </testcase>
  </testsuite>
</testsuites>