<?xml version="1.0" encoding="UTF-8"?>
<testsuites name="Mocha Tests" time="28.6640" tests="1" failures="0">
  <testsuite name="Root Suite" timestamp="2020-11-23T10:31:22" tests="0" file="cypress\integration\FLO360\Adhoc\Timesheets.js" time="0.0000" failures="0">
  </testsuite>
  <testsuite name="Daily activities - Automated" timestamp="2020-11-23T10:31:22" tests="1" time="28.6640" failures="0">
    <testcase name="Daily activities - Automated Login to timesheets" time="28.6640" classname="Login to timesheets">
    </testcase>
  </testsuite>
</testsuites>