<?xml version="1.0" encoding="UTF-8"?>
<testsuites name="Mocha Tests" time="27.3320" tests="1" failures="0">
  <testsuite name="Root Suite" timestamp="2020-11-25T10:16:23" tests="0" file="cypress\integration\FLO360\Delivery Orders\DeliveryOrders.js" time="0.0000" failures="0">
  </testsuite>
  <testsuite name="Delivery Order scenarios" timestamp="2020-11-25T10:16:23" tests="1" time="27.3320" failures="0">
    <testcase name="Delivery Order scenarios Testcase name" time="27.3320" classname="Testcase name">
    </testcase>
  </testsuite>
</testsuites>